<?xml version="1.0" encoding="UTF-8" ?>
<testsuites>
<testsuite name="Frisby Test: Get Firmware List with key empty" errors="0" tests="1" failures="1" time="0.025" timestamp="2015-05-29T10:51:56">
  <testcase classname="Frisby Test: Get Firmware List with key empty" name="
	[ GET https://localhost:443/dm/v2/client/get_firmware_list?key= ]" time="0.024"><failure type="expect" message="Expected 200 to equal 400.">Error: Expected 200 to equal 400.
    at new jasmine.ExpectationResult (/usr/local/lib/node_modules/jasmine-node/lib/jasmine-node/jasmine-1.3.1.js:114:32)
    at null.toEqual (/usr/local/lib/node_modules/jasmine-node/lib/jasmine-node/jasmine-1.3.1.js:1316:29)
    at null.&amp;lt;anonymous&amp;gt; (/home/charles/cloud/FrisbyForDM/node_modules/frisby/lib/frisby.js:493:42)
    at null.&amp;lt;anonymous&amp;gt; (/home/charles/cloud/FrisbyForDM/node_modules/frisby/lib/frisby.js:1074:43)
    at jasmine.Block.execute (/usr/local/lib/node_modules/jasmine-node/lib/jasmine-node/jasmine-1.3.1.js:1145:17)
    at jasmine.Queue.next_ (/usr/local/lib/node_modules/jasmine-node/lib/jasmine-node/jasmine-1.3.1.js:2177:31)
    at onComplete (/usr/local/lib/node_modules/jasmine-node/lib/jasmine-node/jasmine-1.3.1.js:2173:18)
    at jasmine.WaitsForBlock.execute (/usr/local/lib/node_modules/jasmine-node/lib/jasmine-node/jasmine-1.3.1.js:2659:5)
    at null._onTimeout (/usr/local/lib/node_modules/jasmine-node/lib/jasmine-node/jasmine-1.3.1.js:2673:12)
    at Timer.listOnTimeout (timers.js:110:15)</failure></testcase>
</testsuite>
</testsuites>